Using pre-set license
Built from '2021.3/staging' branch; Version is '2021.3.9f1 (ad3870b89536) revision 11352176'; Using compiler version '192829333'; Build Type 'Release'
OS: 'Windows 10  (10.0.19045) 64bit Professional' Language: 'it' Physical Memory: 16331 MB
BatchMode: 1, IsHumanControllingUs: 0, StartBugReporterOnCrash: 0, Is64bit: 1, IsPro: 1

COMMAND LINE ARGUMENTS:
C:\Program Files\Unity\Hub\Editor\2021.3.9f1\Editor\Unity.exe
-adb2
-batchMode
-noUpm
-name
AssetImportWorker2
-projectPath
C:/Users/LORENZO/Desktop/Maid Caffè/MaidCAff-/MadeCaffè
-logFile
Logs/AssetImportWorker2.log
-srvPort
56228
Successfully changed project path to: C:/Users/LORENZO/Desktop/Maid Caffè/MaidCAff-/MadeCaffè
C:/Users/LORENZO/Desktop/Maid Caffè/MaidCAff-/MadeCaffè
[UnityMemory] Configuration Parameters - Can be set up in boot.config
    "memorysetup-bucket-allocator-granularity=16"
    "memorysetup-bucket-allocator-bucket-count=8"
    "memorysetup-bucket-allocator-block-size=33554432"
    "memorysetup-bucket-allocator-block-count=8"
    "memorysetup-main-allocator-block-size=16777216"
    "memorysetup-thread-allocator-block-size=16777216"
    "memorysetup-gfx-main-allocator-block-size=16777216"
    "memorysetup-gfx-thread-allocator-block-size=16777216"
    "memorysetup-cache-allocator-block-size=4194304"
    "memorysetup-typetree-allocator-block-size=2097152"
    "memorysetup-profiler-bucket-allocator-granularity=16"
    "memorysetup-profiler-bucket-allocator-bucket-count=8"
    "memorysetup-profiler-bucket-allocator-block-size=33554432"
    "memorysetup-profiler-bucket-allocator-block-count=8"
    "memorysetup-profiler-allocator-block-size=16777216"
    "memorysetup-profiler-editor-allocator-block-size=1048576"
    "memorysetup-temp-allocator-size-main=16777216"
    "memorysetup-job-temp-allocator-block-size=2097152"
    "memorysetup-job-temp-allocator-block-size-background=1048576"
    "memorysetup-job-temp-allocator-reduction-small-platforms=262144"
    "memorysetup-temp-allocator-size-background-worker=32768"
    "memorysetup-temp-allocator-size-job-worker=262144"
    "memorysetup-temp-allocator-size-preload-manager=33554432"
    "memorysetup-temp-allocator-size-nav-mesh-worker=65536"
    "memorysetup-temp-allocator-size-audio-worker=65536"
    "memorysetup-temp-allocator-size-cloud-worker=32768"
    "memorysetup-temp-allocator-size-gi-baking-worker=262144"
    "memorysetup-temp-allocator-size-gfx=262144"
Refreshing native plugins compatible for Editor in 81.92 ms, found 3 plugins.
Preloading 0 native plugins for Editor in 0.00 ms.
Initialize engine version: 2021.3.9f1 (ad3870b89536)
[Subsystems] Discovering subsystems at path C:/Program Files/Unity/Hub/Editor/2021.3.9f1/Editor/Data/Resources/UnitySubsystems
[Subsystems] Discovering subsystems at path C:/Users/LORENZO/Desktop/Maid Caffè/MaidCAff-/MadeCaffè/Assets
GfxDevice: creating device client; threaded=0; jobified=0
Direct3D:
    Version:  Direct3D 11.0 [level 11.1]
    Renderer: NVIDIA GeForce RTX 3060 (ID=0x2504)
    Vendor:   NVIDIA
    VRAM:     12129 MB
    Driver:   31.0.15.2698
Initialize mono
Mono path[0] = 'C:/Program Files/Unity/Hub/Editor/2021.3.9f1/Editor/Data/Managed'
Mono path[1] = 'C:/Program Files/Unity/Hub/Editor/2021.3.9f1/Editor/Data/MonoBleedingEdge/lib/mono/unityjit-win32'
Mono config path = 'C:/Program Files/Unity/Hub/Editor/2021.3.9f1/Editor/Data/MonoBleedingEdge/etc'
Using monoOptions --debugger-agent=transport=dt_socket,embedding=1,server=y,suspend=n,address=127.0.0.1:56124
Begin MonoManager ReloadAssembly
Registering precompiled unity dll's ...
Register platform support module: C:/Program Files/Unity/Hub/Editor/2021.3.9f1/Editor/Data/PlaybackEngines/AndroidPlayer/UnityEditor.Android.Extensions.dll
Register platform support module: C:/Program Files/Unity/Hub/Editor/2021.3.9f1/Editor/Data/PlaybackEngines/WindowsStandaloneSupport/UnityEditor.WindowsStandalone.Extensions.dll
Registered in 0.010609 seconds.
Native extension for WindowsStandalone target not found
Native extension for Android target not found
Refreshing native plugins compatible for Editor in 81.65 ms, found 3 plugins.
Preloading 0 native plugins for Editor in 0.00 ms.
Mono: successfully reloaded assembly
- Completed reload, in  0.698 seconds
Domain Reload Profiling:
	ReloadAssembly (698ms)
		BeginReloadAssembly (79ms)
			ExecutionOrderSort (0ms)
			DisableScriptedObjects (0ms)
			BackupInstance (0ms)
			ReleaseScriptingObjects (0ms)
			CreateAndSetChildDomain (1ms)
		EndReloadAssembly (489ms)
			LoadAssemblies (77ms)
			RebuildTransferFunctionScriptingTraits (0ms)
			SetupTypeCache (111ms)
			ReleaseScriptCaches (0ms)
			RebuildScriptCaches (27ms)
			SetupLoadedEditorAssemblies (297ms)
				LogAssemblyErrors (0ms)
				InitializePlatformSupportModulesInManaged (60ms)
				SetLoadedEditorAssemblies (0ms)
				RefreshPlugins (82ms)
				BeforeProcessingInitializeOnLoad (1ms)
				ProcessInitializeOnLoadAttributes (107ms)
				ProcessInitializeOnLoadMethodAttributes (46ms)
				AfterProcessingInitializeOnLoad (0ms)
				EditorAssembliesLoaded (0ms)
			ExecutionOrderSort2 (0ms)
			AwakeInstancesAfterBackupRestoration (0ms)
Platform modules already initialized, skipping
Registering precompiled user dll's ...
Registered in 0.007609 seconds.
Begin MonoManager ReloadAssembly
Symbol file LoadedFromMemory doesn't match image C:\Users\LORENZO\Desktop\Maid Caffè\MaidCAff-\MadeCaffè\Library\PackageCache\com.unity.visualscripting@1.7.8\Editor\VisualScripting.Core\Dependencies\YamlDotNet\Unity.VisualScripting.YamlDotNet.dll
Symbol file LoadedFromMemory doesn't match image C:\Users\LORENZO\Desktop\Maid Caffè\MaidCAff-\MadeCaffè\Library\PackageCache\com.unity.visualscripting@1.7.8\Editor\VisualScripting.Core\Dependencies\DotNetZip\Unity.VisualScripting.IonicZip.dll
Native extension for WindowsStandalone target not found
Native extension for Android target not found
Refreshing native plugins compatible for Editor in 0.57 ms, found 3 plugins.
Preloading 0 native plugins for Editor in 0.00 ms.
Mono: successfully reloaded assembly
- Completed reload, in  1.320 seconds
Domain Reload Profiling:
	ReloadAssembly (1321ms)
		BeginReloadAssembly (221ms)
			ExecutionOrderSort (0ms)
			DisableScriptedObjects (7ms)
			BackupInstance (0ms)
			ReleaseScriptingObjects (0ms)
			CreateAndSetChildDomain (123ms)
		EndReloadAssembly (970ms)
			LoadAssemblies (89ms)
			RebuildTransferFunctionScriptingTraits (0ms)
			SetupTypeCache (323ms)
			ReleaseScriptCaches (1ms)
			RebuildScriptCaches (59ms)
			SetupLoadedEditorAssemblies (433ms)
				LogAssemblyErrors (0ms)
				InitializePlatformSupportModulesInManaged (21ms)
				SetLoadedEditorAssemblies (1ms)
				RefreshPlugins (1ms)
				BeforeProcessingInitializeOnLoad (103ms)
				ProcessInitializeOnLoadAttributes (265ms)
				ProcessInitializeOnLoadMethodAttributes (31ms)
				AfterProcessingInitializeOnLoad (11ms)
				EditorAssembliesLoaded (0ms)
			ExecutionOrderSort2 (0ms)
			AwakeInstancesAfterBackupRestoration (7ms)
Platform modules already initialized, skipping
========================================================================
Worker process is ready to serve import requests
Launched and connected shader compiler UnityShaderCompiler.exe after 0.05 seconds
Refreshing native plugins compatible for Editor in 0.77 ms, found 3 plugins.
Preloading 0 native plugins for Editor in 0.00 ms.
Unloading 3387 Unused Serialized files (Serialized files now loaded: 0)
Unloading 27 unused Assets / (111.5 KB). Loaded Objects now: 3846.
Memory consumption went from 116.4 MB to 116.3 MB.
Total: 3.571400 ms (FindLiveObjects: 0.356300 ms CreateObjectMapping: 0.090800 ms MarkObjects: 2.957700 ms  DeleteObjects: 0.165200 ms)

AssetImportParameters requested are different than current active one (requested -> active):
  custom:video-decoder-ogg-theora: a1e56fd34408186e4bbccfd4996cb3dc -> 
  custom:container-muxer-webm: aa71ff27fc2769a1b78a27578f13a17b -> 
  custom:container-demuxer-webm: 4f35f7cbe854078d1ac9338744f61a02 -> 
  custom:video-encoder-webm-vp8: eb34c28f22e8b96e1ab97ce403110664 -> 
  custom:audio-encoder-webm-vorbis: bf7c407c2cedff20999df2af8eb42d56 -> 
  custom:framework-win-MediaFoundation: 216162199b28c13a410421893ffa2e32 -> 
  custom:container-demuxer-ogg: 62fdf1f143b41e24485cea50d1cbac27 -> 
  custom:video-decoder-webm-vp8: 9c59270c3fd7afecdb556c50c9e8de78 -> 
  custom:audio-decoder-ogg-vorbis: bf7c407c2cedff20999df2af8eb42d56 -> 
========================================================================
Received Import Request.
  Time since last request: 486187.834323 seconds.
  path: Assets/Modelli3d
  artifactKey: Guid(f1801624f857e1749a41c63d7b4bc83e) Importer(815301076,1909f56bfc062723c751e8b465ee728b)
Start importing Assets/Modelli3d using Guid(f1801624f857e1749a41c63d7b4bc83e) Importer(815301076,1909f56bfc062723c751e8b465ee728b)  -> (artifact id: 'e0b6fec14463386aee02008edbfafa92') in 0.013913 seconds 
========================================================================
Received Import Request.
  Time since last request: 39.666582 seconds.
  path: Assets/Modelli3d/Table idle game.fbx
  artifactKey: Guid(f148d9f13e7f0ff4886d7d047ce68e28) Importer(815301076,1909f56bfc062723c751e8b465ee728b)
Start importing Assets/Modelli3d/Table idle game.fbx using Guid(f148d9f13e7f0ff4886d7d047ce68e28) Importer(815301076,1909f56bfc062723c751e8b465ee728b)  -> (artifact id: 'eb3796879499a4d936439b927a63b2d2') in 0.175397 seconds 
========================================================================
Received Import Request.
  Time since last request: 0.713865 seconds.
  path: Assets/Modelli3d/refrigerated counter idele game.fbx
  artifactKey: Guid(d91f16581cbf8b54d9f0f5edd24eefd0) Importer(815301076,1909f56bfc062723c751e8b465ee728b)
Start importing Assets/Modelli3d/refrigerated counter idele game.fbx using Guid(d91f16581cbf8b54d9f0f5edd24eefd0) Importer(815301076,1909f56bfc062723c751e8b465ee728b)  -> (artifact id: '39eb05ade15d15d97b1fb1c99fd78f67') in 0.368916 seconds 
========================================================================
Received Import Request.
  Time since last request: 97.163231 seconds.
  path: Assets/Modelli3d/Table idle game.fbx
  artifactKey: Guid(f148d9f13e7f0ff4886d7d047ce68e28) Importer(815301076,1909f56bfc062723c751e8b465ee728b)
Start importing Assets/Modelli3d/Table idle game.fbx using Guid(f148d9f13e7f0ff4886d7d047ce68e28) Importer(815301076,1909f56bfc062723c751e8b465ee728b)  -> (artifact id: '1018509cf26f3fca3c2abe32bd1ae69f') in 0.068002 seconds 
========================================================================
Received Import Request.
  Time since last request: 11.214600 seconds.
  path: Assets/Prefabs/tavoli
  artifactKey: Guid(28a186bf1aa708841a6e4e755cd49f3c) Importer(815301076,1909f56bfc062723c751e8b465ee728b)
Start importing Assets/Prefabs/tavoli using Guid(28a186bf1aa708841a6e4e755cd49f3c) Importer(815301076,1909f56bfc062723c751e8b465ee728b)  -> (artifact id: 'da9ba58dfa03d57603dfb642e1291057') in 0.006195 seconds 
========================================================================
Received Import Request.
  Time since last request: 0.030625 seconds.
  path: Assets/Prefabs/tavoli/Tavolo.prefab
  artifactKey: Guid(1a05eaf4c79081e42a21ddeea543d439) Importer(815301076,1909f56bfc062723c751e8b465ee728b)
Start importing Assets/Prefabs/tavoli/Tavolo.prefab using Guid(1a05eaf4c79081e42a21ddeea543d439) Importer(815301076,1909f56bfc062723c751e8b465ee728b)  -> (artifact id: 'f12d2c73ec952ca6d58b2654268913dd') in 0.015186 seconds 
========================================================================
Received Import Request.
  Time since last request: 15.306448 seconds.
  path: Assets/Prefabs/tavoli/Tavolo.prefab
  artifactKey: Guid(1a05eaf4c79081e42a21ddeea543d439) Importer(815301076,1909f56bfc062723c751e8b465ee728b)
Start importing Assets/Prefabs/tavoli/Tavolo.prefab using Guid(1a05eaf4c79081e42a21ddeea543d439) Importer(815301076,1909f56bfc062723c751e8b465ee728b)  -> (artifact id: 'c714787cf0e9add865c03198e5b89bae') in 0.019053 seconds 
========================================================================
Received Import Request.
  Time since last request: 3.589199 seconds.
  path: Assets/Prefabs/tavoli/Tavolo.prefab
  artifactKey: Guid(1a05eaf4c79081e42a21ddeea543d439) Importer(815301076,1909f56bfc062723c751e8b465ee728b)
Start importing Assets/Prefabs/tavoli/Tavolo.prefab using Guid(1a05eaf4c79081e42a21ddeea543d439) Importer(815301076,1909f56bfc062723c751e8b465ee728b)  -> (artifact id: '2f70e082da0796ae6130b424424437fd') in 0.009803 seconds 
========================================================================
Received Import Request.
  Time since last request: 75.533052 seconds.
  path: Assets/Prefabs/tavoli/Tavolo2.prefab
  artifactKey: Guid(9907eb73cfae64d40a9dac7d5eed93d6) Importer(815301076,1909f56bfc062723c751e8b465ee728b)
Start importing Assets/Prefabs/tavoli/Tavolo2.prefab using Guid(9907eb73cfae64d40a9dac7d5eed93d6) Importer(815301076,1909f56bfc062723c751e8b465ee728b)  -> (artifact id: '01cf9c92d7e2a9fa8fa784b09499b9cf') in 0.011738 seconds 
========================================================================
Received Import Request.
  Time since last request: 35.357476 seconds.
  path: Assets/Prefabs/tavoli/Tavolo2.prefab
  artifactKey: Guid(9907eb73cfae64d40a9dac7d5eed93d6) Importer(815301076,1909f56bfc062723c751e8b465ee728b)
Start importing Assets/Prefabs/tavoli/Tavolo2.prefab using Guid(9907eb73cfae64d40a9dac7d5eed93d6) Importer(815301076,1909f56bfc062723c751e8b465ee728b)  -> (artifact id: 'f8fa2cc7a8d01c9b83d63f0fdef13ae0') in 0.012219 seconds 
========================================================================
Received Import Request.
  Time since last request: 9.786198 seconds.
  path: Assets/Prefabs/tavoli/Tavolo2.prefab
  artifactKey: Guid(9907eb73cfae64d40a9dac7d5eed93d6) Importer(815301076,1909f56bfc062723c751e8b465ee728b)
Start importing Assets/Prefabs/tavoli/Tavolo2.prefab using Guid(9907eb73cfae64d40a9dac7d5eed93d6) Importer(815301076,1909f56bfc062723c751e8b465ee728b)  -> (artifact id: 'fcd52fb14d6be8258c10d231fdbac505') in 0.010711 seconds 
========================================================================
Received Import Request.
  Time since last request: 4.561218 seconds.
  path: Assets/Prefabs/tavoli/Tavolo2.prefab
  artifactKey: Guid(9907eb73cfae64d40a9dac7d5eed93d6) Importer(815301076,1909f56bfc062723c751e8b465ee728b)
Start importing Assets/Prefabs/tavoli/Tavolo2.prefab using Guid(9907eb73cfae64d40a9dac7d5eed93d6) Importer(815301076,1909f56bfc062723c751e8b465ee728b)  -> (artifact id: '6a4d84220750a971798d7476f0b156ff') in 0.010490 seconds 
========================================================================
Received Prepare
Registering precompiled user dll's ...
Registered in 0.007461 seconds.
Begin MonoManager ReloadAssembly
Symbol file LoadedFromMemory doesn't match image C:\Users\LORENZO\Desktop\Maid Caffè\MaidCAff-\MadeCaffè\Library\PackageCache\com.unity.visualscripting@1.7.8\Editor\VisualScripting.Core\Dependencies\YamlDotNet\Unity.VisualScripting.YamlDotNet.dll
Symbol file LoadedFromMemory doesn't match image C:\Users\LORENZO\Desktop\Maid Caffè\MaidCAff-\MadeCaffè\Library\PackageCache\com.unity.visualscripting@1.7.8\Editor\VisualScripting.Core\Dependencies\DotNetZip\Unity.VisualScripting.IonicZip.dll
Native extension for WindowsStandalone target not found
Native extension for Android target not found
Refreshing native plugins compatible for Editor in 0.91 ms, found 3 plugins.
Preloading 0 native plugins for Editor in 0.00 ms.
Mono: successfully reloaded assembly
- Completed reload, in  1.173 seconds
Domain Reload Profiling:
	ReloadAssembly (1174ms)
		BeginReloadAssembly (147ms)
			ExecutionOrderSort (0ms)
			DisableScriptedObjects (4ms)
			BackupInstance (0ms)
			ReleaseScriptingObjects (0ms)
			CreateAndSetChildDomain (39ms)
		EndReloadAssembly (915ms)
			LoadAssemblies (97ms)
			RebuildTransferFunctionScriptingTraits (0ms)
			SetupTypeCache (293ms)
			ReleaseScriptCaches (1ms)
			RebuildScriptCaches (45ms)
			SetupLoadedEditorAssemblies (411ms)
				LogAssemblyErrors (0ms)
				InitializePlatformSupportModulesInManaged (27ms)
				SetLoadedEditorAssemblies (1ms)
				RefreshPlugins (1ms)
				BeforeProcessingInitializeOnLoad (83ms)
				ProcessInitializeOnLoadAttributes (252ms)
				ProcessInitializeOnLoadMethodAttributes (36ms)
				AfterProcessingInitializeOnLoad (11ms)
				EditorAssembliesLoaded (0ms)
			ExecutionOrderSort2 (0ms)
			AwakeInstancesAfterBackupRestoration (8ms)
Platform modules already initialized, skipping
Refreshing native plugins compatible for Editor in 2.65 ms, found 3 plugins.
Preloading 0 native plugins for Editor in 0.00 ms.
Unloading 3382 Unused Serialized files (Serialized files now loaded: 0)
Unloading 20 unused Assets / (78.4 KB). Loaded Objects now: 3892.
Memory consumption went from 121.1 MB to 121.1 MB.
Total: 4.011300 ms (FindLiveObjects: 0.289600 ms CreateObjectMapping: 0.091200 ms MarkObjects: 3.428100 ms  DeleteObjects: 0.201000 ms)

AssetImportParameters requested are different than current active one (requested -> active):
  custom:video-decoder-ogg-theora: a1e56fd34408186e4bbccfd4996cb3dc -> 
  custom:container-muxer-webm: aa71ff27fc2769a1b78a27578f13a17b -> 
  custom:container-demuxer-webm: 4f35f7cbe854078d1ac9338744f61a02 -> 
  custom:video-encoder-webm-vp8: eb34c28f22e8b96e1ab97ce403110664 -> 
  custom:audio-encoder-webm-vorbis: bf7c407c2cedff20999df2af8eb42d56 -> 
  custom:framework-win-MediaFoundation: 216162199b28c13a410421893ffa2e32 -> 
  custom:container-demuxer-ogg: 62fdf1f143b41e24485cea50d1cbac27 -> 
  custom:video-decoder-webm-vp8: 9c59270c3fd7afecdb556c50c9e8de78 -> 
  custom:audio-decoder-ogg-vorbis: bf7c407c2cedff20999df2af8eb42d56 -> 
========================================================================
Received Prepare
Registering precompiled user dll's ...
Registered in 0.007729 seconds.
Begin MonoManager ReloadAssembly
Symbol file LoadedFromMemory doesn't match image C:\Users\LORENZO\Desktop\Maid Caffè\MaidCAff-\MadeCaffè\Library\PackageCache\com.unity.visualscripting@1.7.8\Editor\VisualScripting.Core\Dependencies\YamlDotNet\Unity.VisualScripting.YamlDotNet.dll
Symbol file LoadedFromMemory doesn't match image C:\Users\LORENZO\Desktop\Maid Caffè\MaidCAff-\MadeCaffè\Library\PackageCache\com.unity.visualscripting@1.7.8\Editor\VisualScripting.Core\Dependencies\DotNetZip\Unity.VisualScripting.IonicZip.dll
Native extension for WindowsStandalone target not found
Native extension for Android target not found
Refreshing native plugins compatible for Editor in 0.67 ms, found 3 plugins.
Preloading 0 native plugins for Editor in 0.00 ms.
Mono: successfully reloaded assembly
- Completed reload, in  1.137 seconds
Domain Reload Profiling:
	ReloadAssembly (1138ms)
		BeginReloadAssembly (149ms)
			ExecutionOrderSort (0ms)
			DisableScriptedObjects (6ms)
			BackupInstance (0ms)
			ReleaseScriptingObjects (0ms)
			CreateAndSetChildDomain (45ms)
		EndReloadAssembly (879ms)
			LoadAssemblies (91ms)
			RebuildTransferFunctionScriptingTraits (0ms)
			SetupTypeCache (288ms)
			ReleaseScriptCaches (2ms)
			RebuildScriptCaches (44ms)
			SetupLoadedEditorAssemblies (408ms)
				LogAssemblyErrors (0ms)
				InitializePlatformSupportModulesInManaged (25ms)
				SetLoadedEditorAssemblies (1ms)
				RefreshPlugins (1ms)
				BeforeProcessingInitializeOnLoad (78ms)
				ProcessInitializeOnLoadAttributes (253ms)
				ProcessInitializeOnLoadMethodAttributes (39ms)
				AfterProcessingInitializeOnLoad (12ms)
				EditorAssembliesLoaded (0ms)
			ExecutionOrderSort2 (0ms)
			AwakeInstancesAfterBackupRestoration (7ms)
Platform modules already initialized, skipping
Refreshing native plugins compatible for Editor in 2.58 ms, found 3 plugins.
Preloading 0 native plugins for Editor in 0.00 ms.
Unloading 3382 Unused Serialized files (Serialized files now loaded: 0)
Unloading 20 unused Assets / (78.4 KB). Loaded Objects now: 3895.
Memory consumption went from 121.1 MB to 121.1 MB.
Total: 3.665900 ms (FindLiveObjects: 0.373800 ms CreateObjectMapping: 0.083400 ms MarkObjects: 3.112500 ms  DeleteObjects: 0.095200 ms)

AssetImportParameters requested are different than current active one (requested -> active):
  custom:video-decoder-ogg-theora: a1e56fd34408186e4bbccfd4996cb3dc -> 
  custom:container-muxer-webm: aa71ff27fc2769a1b78a27578f13a17b -> 
  custom:container-demuxer-webm: 4f35f7cbe854078d1ac9338744f61a02 -> 
  custom:video-encoder-webm-vp8: eb34c28f22e8b96e1ab97ce403110664 -> 
  custom:audio-encoder-webm-vorbis: bf7c407c2cedff20999df2af8eb42d56 -> 
  custom:framework-win-MediaFoundation: 216162199b28c13a410421893ffa2e32 -> 
  custom:container-demuxer-ogg: 62fdf1f143b41e24485cea50d1cbac27 -> 
  custom:video-decoder-webm-vp8: 9c59270c3fd7afecdb556c50c9e8de78 -> 
  custom:audio-decoder-ogg-vorbis: bf7c407c2cedff20999df2af8eb42d56 -> 
========================================================================
Received Import Request.
  Time since last request: 318.317505 seconds.
  path: Assets/Prefabs/persone
  artifactKey: Guid(86f164e861ef79d4986bce2c89231c28) Importer(815301076,1909f56bfc062723c751e8b465ee728b)
Start importing Assets/Prefabs/persone using Guid(86f164e861ef79d4986bce2c89231c28) Importer(815301076,1909f56bfc062723c751e8b465ee728b)  -> (artifact id: '837fbd8bb18bcc67e05cfd33d58ca65b') in 0.011825 seconds 
========================================================================
Received Import Request.
  Time since last request: 0.000021 seconds.
  path: Assets/Prefabs/persone/Maid.prefab
  artifactKey: Guid(79ed8ab4dba628943974fc802e31ce6a) Importer(815301076,1909f56bfc062723c751e8b465ee728b)
Start importing Assets/Prefabs/persone/Maid.prefab using Guid(79ed8ab4dba628943974fc802e31ce6a) Importer(815301076,1909f56bfc062723c751e8b465ee728b)  -> (artifact id: '10df70642f5a29965c0aec9bcb88ab72') in 0.076011 seconds 
========================================================================
Received Import Request.
  Time since last request: 24.302914 seconds.
  path: Assets/Prefabs/tavoli/Banco Frigo.prefab
  artifactKey: Guid(7140a012238343b47928cf38751bc08a) Importer(815301076,1909f56bfc062723c751e8b465ee728b)
Start importing Assets/Prefabs/tavoli/Banco Frigo.prefab using Guid(7140a012238343b47928cf38751bc08a) Importer(815301076,1909f56bfc062723c751e8b465ee728b)  -> (artifact id: '849dbad79cf69b5518405e0fbe611943') in 0.009467 seconds 
========================================================================
Received Import Request.
  Time since last request: 68.433054 seconds.
  path: Assets/Prefabs/tavoli/Banco Frigo.prefab
  artifactKey: Guid(7140a012238343b47928cf38751bc08a) Importer(815301076,1909f56bfc062723c751e8b465ee728b)
Start importing Assets/Prefabs/tavoli/Banco Frigo.prefab using Guid(7140a012238343b47928cf38751bc08a) Importer(815301076,1909f56bfc062723c751e8b465ee728b)  -> (artifact id: 'b1cb6e61c13e1b2129bee99e2171123e') in 0.018143 seconds 
========================================================================
Received Prepare
Registering precompiled user dll's ...
Registered in 0.008662 seconds.
Begin MonoManager ReloadAssembly
Symbol file LoadedFromMemory doesn't match image C:\Users\LORENZO\Desktop\Maid Caffè\MaidCAff-\MadeCaffè\Library\PackageCache\com.unity.visualscripting@1.7.8\Editor\VisualScripting.Core\Dependencies\YamlDotNet\Unity.VisualScripting.YamlDotNet.dll
Symbol file LoadedFromMemory doesn't match image C:\Users\LORENZO\Desktop\Maid Caffè\MaidCAff-\MadeCaffè\Library\PackageCache\com.unity.visualscripting@1.7.8\Editor\VisualScripting.Core\Dependencies\DotNetZip\Unity.VisualScripting.IonicZip.dll
Native extension for WindowsStandalone target not found
Native extension for Android target not found
Refreshing native plugins compatible for Editor in 0.99 ms, found 3 plugins.
Preloading 0 native plugins for Editor in 0.00 ms.
Mono: successfully reloaded assembly
- Completed reload, in  1.205 seconds
Domain Reload Profiling:
	ReloadAssembly (1206ms)
		BeginReloadAssembly (150ms)
			ExecutionOrderSort (0ms)
			DisableScriptedObjects (5ms)
			BackupInstance (0ms)
			ReleaseScriptingObjects (0ms)
			CreateAndSetChildDomain (39ms)
		EndReloadAssembly (943ms)
			LoadAssemblies (98ms)
			RebuildTransferFunctionScriptingTraits (0ms)
			SetupTypeCache (312ms)
			ReleaseScriptCaches (2ms)
			RebuildScriptCaches (53ms)
			SetupLoadedEditorAssemblies (427ms)
				LogAssemblyErrors (0ms)
				InitializePlatformSupportModulesInManaged (27ms)
				SetLoadedEditorAssemblies (2ms)
				RefreshPlugins (1ms)
				BeforeProcessingInitializeOnLoad (83ms)
				ProcessInitializeOnLoadAttributes (267ms)
				ProcessInitializeOnLoadMethodAttributes (36ms)
				AfterProcessingInitializeOnLoad (12ms)
				EditorAssembliesLoaded (0ms)
			ExecutionOrderSort2 (0ms)
			AwakeInstancesAfterBackupRestoration (6ms)
Platform modules already initialized, skipping
Refreshing native plugins compatible for Editor in 4.00 ms, found 3 plugins.
Preloading 0 native plugins for Editor in 0.00 ms.
Unloading 3382 Unused Serialized files (Serialized files now loaded: 0)
Unloading 20 unused Assets / (78.4 KB). Loaded Objects now: 3899.
Memory consumption went from 121.2 MB to 121.2 MB.
Total: 3.683000 ms (FindLiveObjects: 0.331500 ms CreateObjectMapping: 0.102000 ms MarkObjects: 3.144600 ms  DeleteObjects: 0.103700 ms)

AssetImportParameters requested are different than current active one (requested -> active):
  custom:video-decoder-ogg-theora: a1e56fd34408186e4bbccfd4996cb3dc -> 
  custom:container-muxer-webm: aa71ff27fc2769a1b78a27578f13a17b -> 
  custom:container-demuxer-webm: 4f35f7cbe854078d1ac9338744f61a02 -> 
  custom:video-encoder-webm-vp8: eb34c28f22e8b96e1ab97ce403110664 -> 
  custom:audio-encoder-webm-vorbis: bf7c407c2cedff20999df2af8eb42d56 -> 
  custom:framework-win-MediaFoundation: 216162199b28c13a410421893ffa2e32 -> 
  custom:container-demuxer-ogg: 62fdf1f143b41e24485cea50d1cbac27 -> 
  custom:video-decoder-webm-vp8: 9c59270c3fd7afecdb556c50c9e8de78 -> 
  custom:audio-decoder-ogg-vorbis: bf7c407c2cedff20999df2af8eb42d56 -> 
